Using pre-set license
Built from '2021.1/staging' branch; Version is '2021.1.13f1 (a03098edbbe0) revision 10498200'; Using compiler version '192528614'; Build Type 'Release'
OS: 'Windows 10 Education; OS build 19043.1826; Version 2009; 64bit' Language: 'en' Physical Memory: 32529 MB
BatchMode: 1, IsHumanControllingUs: 0, StartBugReporterOnCrash: 0, Is64bit: 1, IsPro: 0

 COMMAND LINE ARGUMENTS:
C:\Program Files\Unity\Hub\Editor\2021.1.13f1\Editor\Unity.exe
-adb2
-batchMode
-noUpm
-name
AssetImportWorker0
-projectPath
C:/dev/Cohort18-Public/Classes/Production/TD3/assignments/1 Pair Programming/Target
-logFile
Logs/AssetImportWorker0.log
-srvPort
49849
Successfully changed project path to: C:/dev/Cohort18-Public/Classes/Production/TD3/assignments/1 Pair Programming/Target
C:/dev/Cohort18-Public/Classes/Production/TD3/assignments/1 Pair Programming/Target
Using Asset Import Pipeline V2.
Refreshing native plugins compatible for Editor in 88.47 ms, found 3 plugins.
Preloading 0 native plugins for Editor in 0.00 ms.
Initialize engine version: 2021.1.13f1 (a03098edbbe0)
[Subsystems] Discovering subsystems at path C:/Program Files/Unity/Hub/Editor/2021.1.13f1/Editor/Data/Resources/UnitySubsystems
[Subsystems] Discovering subsystems at path C:/dev/Cohort18-Public/Classes/Production/TD3/assignments/1 Pair Programming/Target/Assets
GfxDevice: creating device client; threaded=0; jobified=0
Direct3D:
    Version:  Direct3D 11.0 [level 11.1]
    Renderer: NVIDIA GeForce RTX 2070 (ID=0x1f14)
    Vendor:   NVIDIA
    VRAM:     8031 MB
    Driver:   31.0.15.1659
Initialize mono
Mono path[0] = 'C:/Program Files/Unity/Hub/Editor/2021.1.13f1/Editor/Data/Managed'
Mono path[1] = 'C:/Program Files/Unity/Hub/Editor/2021.1.13f1/Editor/Data/MonoBleedingEdge/lib/mono/unityjit'
Mono config path = 'C:/Program Files/Unity/Hub/Editor/2021.1.13f1/Editor/Data/MonoBleedingEdge/etc'
Using monoOptions --debugger-agent=transport=dt_socket,embedding=1,server=y,suspend=n,address=127.0.0.1:56772
Begin MonoManager ReloadAssembly
Registering precompiled unity dll's ...
Register platform support module: C:/Program Files/Unity/Hub/Editor/2021.1.13f1/Editor/Data/PlaybackEngines/WindowsStandaloneSupport/UnityEditor.WindowsStandalone.Extensions.dll
Registered in 0.001917 seconds.
Native extension for WindowsStandalone target not found
Refreshing native plugins compatible for Editor in 86.09 ms, found 3 plugins.
Preloading 0 native plugins for Editor in 0.00 ms.
Mono: successfully reloaded assembly
- Completed reload, in  1.851 seconds
Domain Reload Profiling:
	ReloadAssembly (1851ms)
		BeginReloadAssembly (48ms)
			ExecutionOrderSort (0ms)
			DisableScriptedObjects (0ms)
			BackupInstance (0ms)
			ReleaseScriptingObjects (0ms)
			CreateAndSetChildDomain (1ms)
		EndReloadAssembly (484ms)
			LoadAssemblies (46ms)
			RebuildTransferFunctionScriptingTraits (0ms)
			SetupTypeCache (184ms)
			ReleaseScriptCaches (0ms)
			RebuildScriptCaches (31ms)
			SetupLoadedEditorAssemblies (221ms)
				LogAssemblyErrors (0ms)
				InitializePlatformSupportModulesInManaged (6ms)
				SetLoadedEditorAssemblies (0ms)
				RefreshPlugins (86ms)
				BeforeProcessingInitializeOnLoad (1ms)
				ProcessInitializeOnLoadAttributes (97ms)
				ProcessInitializeOnLoadMethodAttributes (30ms)
				AfterProcessingInitializeOnLoad (0ms)
				EditorAssembliesLoaded (0ms)
			ExecutionOrderSort2 (0ms)
			AwakeInstancesAfterBackupRestoration (0ms)
Platform modules already initialized, skipping
Registering precompiled user dll's ...
Registered in 0.006803 seconds.
Begin MonoManager ReloadAssembly
Symbol file LoadedFromMemory doesn't match image C:\dev\Cohort18-Public\Classes\Production\TD3\assignments\1 Pair Programming\Target\Library\PackageCache\com.unity.visualscripting@1.6.1\Editor\VisualScripting.Core\Dependencies\YamlDotNet\Unity.VisualScripting.YamlDotNet.dll
Symbol file LoadedFromMemory doesn't match image C:\dev\Cohort18-Public\Classes\Production\TD3\assignments\1 Pair Programming\Target\Library\PackageCache\com.unity.visualscripting@1.6.1\Editor\VisualScripting.Core\Dependencies\DotNetZip\Unity.VisualScripting.IonicZip.dll
Native extension for WindowsStandalone target not found
Refreshing native plugins compatible for Editor in 89.41 ms, found 3 plugins.
Preloading 0 native plugins for Editor in 0.00 ms.
Mono: successfully reloaded assembly
- Completed reload, in  1.315 seconds
Domain Reload Profiling:
	ReloadAssembly (1316ms)
		BeginReloadAssembly (144ms)
			ExecutionOrderSort (0ms)
			DisableScriptedObjects (4ms)
			BackupInstance (0ms)
			ReleaseScriptingObjects (0ms)
			CreateAndSetChildDomain (23ms)
		EndReloadAssembly (1111ms)
			LoadAssemblies (91ms)
			RebuildTransferFunctionScriptingTraits (0ms)
			SetupTypeCache (359ms)
			ReleaseScriptCaches (1ms)
			RebuildScriptCaches (56ms)
			SetupLoadedEditorAssemblies (501ms)
				LogAssemblyErrors (0ms)
				InitializePlatformSupportModulesInManaged (4ms)
				SetLoadedEditorAssemblies (0ms)
				RefreshPlugins (89ms)
				BeforeProcessingInitializeOnLoad (74ms)
				ProcessInitializeOnLoadAttributes (278ms)
				ProcessInitializeOnLoadMethodAttributes (49ms)
				AfterProcessingInitializeOnLoad (6ms)
				EditorAssembliesLoaded (0ms)
			ExecutionOrderSort2 (0ms)
			AwakeInstancesAfterBackupRestoration (7ms)
Platform modules already initialized, skipping
========================================================================
Worker process is ready to serve import requests
Launched and connected shader compiler UnityShaderCompiler.exe after 0.04 seconds
Refreshing native plugins compatible for Editor in 1.35 ms, found 3 plugins.
Preloading 0 native plugins for Editor in 0.00 ms.
Unloading 3442 Unused Serialized files (Serialized files now loaded: 0)
System memory in use before: 141.5 MB.
System memory in use after: 141.7 MB.

Unloading 26 unused Assets to reduce memory usage. Loaded Objects now: 3903.
Total: 4.342600 ms (FindLiveObjects: 0.458300 ms CreateObjectMapping: 0.321100 ms MarkObjects: 3.473000 ms  DeleteObjects: 0.088500 ms)

AssetImportParameters requested are different than current active one (requested -> active):
  custom:framework-win-MediaFoundation: 216162199b28c13a410421893ffa2e32 -> 
  custom:video-decoder-ogg-theora: a1e56fd34408186e4bbccfd4996cb3dc -> 
  custom:container-muxer-webm: aa71ff27fc2769a1b78a27578f13a17b -> 
  custom:container-demuxer-webm: 4f35f7cbe854078d1ac9338744f61a02 -> 
  custom:container-demuxer-ogg: 62fdf1f143b41e24485cea50d1cbac27 -> 
  custom:video-encoder-webm-vp8: eb34c28f22e8b96e1ab97ce403110664 -> 
  custom:video-decoder-webm-vp8: 9c59270c3fd7afecdb556c50c9e8de78 -> 
  custom:audio-decoder-ogg-vorbis: bf7c407c2cedff20999df2af8eb42d56 -> 
  custom:audio-encoder-webm-vorbis: bf7c407c2cedff20999df2af8eb42d56 -> 
========================================================================
Received Import Request.
  path: Assets/Scripts/FriendlyFire.cs
  artifactKey: Guid(4c0c4d1906ce57749882dc1ca99fae38) Importer(815301076,1909f56bfc062723c751e8b465ee728b)
Start importing Assets/Scripts/FriendlyFire.cs using Guid(4c0c4d1906ce57749882dc1ca99fae38) Importer(815301076,1909f56bfc062723c751e8b465ee728b)  -> (artifact id: '819de9328e01b395e97aedb0ed0de993') in 0.031867 seconds 
========================================================================
Received Import Request.
  Time since last request: 13.200907 seconds.
  path: Assets/Scripts/Targets.cs
  artifactKey: Guid(4d80bdbdef41ff04d9621772ed63f4aa) Importer(815301076,1909f56bfc062723c751e8b465ee728b)
Start importing Assets/Scripts/Targets.cs using Guid(4d80bdbdef41ff04d9621772ed63f4aa) Importer(815301076,1909f56bfc062723c751e8b465ee728b)  -> (artifact id: 'a54bd36418af07311fb36e92a668d26f') in 0.002712 seconds 
========================================================================
Received Import Request.
  Time since last request: 40.185605 seconds.
  path: Assets/Scripts/RideAi.cs
  artifactKey: Guid(cef5d546b421b044da7fa03ec25dd6be) Importer(815301076,1909f56bfc062723c751e8b465ee728b)
Start importing Assets/Scripts/RideAi.cs using Guid(cef5d546b421b044da7fa03ec25dd6be) Importer(815301076,1909f56bfc062723c751e8b465ee728b)  -> (artifact id: '227b4a58fea858eadda268fb524d5c2c') in 0.004290 seconds 
========================================================================
Received Import Request.
  Time since last request: 3.882207 seconds.
  path: Assets/Scripts/GameManager.cs
  artifactKey: Guid(93fcf50cc88136145981744adf04d196) Importer(815301076,1909f56bfc062723c751e8b465ee728b)
Start importing Assets/Scripts/GameManager.cs using Guid(93fcf50cc88136145981744adf04d196) Importer(815301076,1909f56bfc062723c751e8b465ee728b)  -> (artifact id: '757ccc95eb6e330903db748647c09321') in 0.003960 seconds 
========================================================================
Received Import Request.
  Time since last request: 1.500235 seconds.
  path: Assets/Scripts/Enemy.cs
  artifactKey: Guid(8b32ce9caf942dc4fb59a7528238d3a2) Importer(815301076,1909f56bfc062723c751e8b465ee728b)
Start importing Assets/Scripts/Enemy.cs using Guid(8b32ce9caf942dc4fb59a7528238d3a2) Importer(815301076,1909f56bfc062723c751e8b465ee728b)  -> (artifact id: 'b919fedf5d17ab8d50730be7091e34af') in 0.002476 seconds 
========================================================================
Received Import Request.
  Time since last request: 0.343477 seconds.
  path: Assets/Scripts/EndScene.cs
  artifactKey: Guid(fecef3f3714dc8d4bbf2298bfa19b02e) Importer(815301076,1909f56bfc062723c751e8b465ee728b)
Start importing Assets/Scripts/EndScene.cs using Guid(fecef3f3714dc8d4bbf2298bfa19b02e) Importer(815301076,1909f56bfc062723c751e8b465ee728b)  -> (artifact id: 'ef76f047259ac3ac1eb36bd661ccd300') in 0.003356 seconds 
========================================================================
Received Import Request.
  Time since last request: 1.089973 seconds.
  path: Assets/Scripts/Arrow.cs
  artifactKey: Guid(98477fa0269f88e4caa3b513fa7095b6) Importer(815301076,1909f56bfc062723c751e8b465ee728b)
Start importing Assets/Scripts/Arrow.cs using Guid(98477fa0269f88e4caa3b513fa7095b6) Importer(815301076,1909f56bfc062723c751e8b465ee728b)  -> (artifact id: '06cf64e92bf32d5229ff4ad76b51598e') in 0.002779 seconds 
AssetImportWorkerClient::OnTransportError - code=2 error=End of file
